<html>
<head>
<title>TestNG:  AcceptanceTests</title>
<link href="../testng.css" rel="stylesheet" type="text/css" />
<link href="../my-testng.css" rel="stylesheet" type="text/css" />

<style type="text/css">
.log { display: none;} 
.stack-trace { display: none;} 
</style>
<script type="text/javascript">
<!--
function flip(e) {
  current = e.style.display;
  if (current == 'block') {
    e.style.display = 'none';
    return 0;
  }
  else {
    e.style.display = 'block';
    return 1;
  }
}

function toggleBox(szDivId, elem, msg1, msg2)
{
  var res = -1;  if (document.getElementById) {
    res = flip(document.getElementById(szDivId));
  }
  else if (document.all) {
    // this is the way old msie versions work
    res = flip(document.all[szDivId]);
  }
  if(elem) {
    if(res == 0) elem.innerHTML = msg1; else elem.innerHTML = msg2;
  }

}

function toggleAllBoxes() {
  if (document.getElementsByTagName) {
    d = document.getElementsByTagName('div');
    for (i = 0; i < d.length; i++) {
      if (d[i].className == 'log') {
        flip(d[i]);
      }
    }
  }
}

// -->
</script>

</head>
<body>
<h2 align='center'>AcceptanceTests</h2><table border='1' align="center">
<tr>
<td>Tests passed/Failed/Skipped:</td><td>13/1/0</td>
</tr><tr>
<td>Started on:</td><td>Thu Aug 08 14:54:52 GMT+03:00 2013</td>
</tr>
<tr><td>Total time:</td><td>0 seconds (36 ms)</td>
</tr><tr>
<td>Included groups:</td><td>UnitTests CustomAssertTests AbstractTCs InitializationTests All </td>
</tr><tr>
<td>Excluded groups:</td><td></td>
</tr>
</table><p/>
<small><i>(Hover the method name to see the test class name)</i></small><p/>
<table width='100%' border='1' class='invocation-failed'>
<tr><td colspan='4' align='center'><b>FAILED TESTS</b></td></tr>
<tr><td><b>Test method</b></td>
<td width="30%"><b>Exception</b></td>
<td width="10%"><b>Time (seconds)</b></td>
<td><b>Instance</b></td>
</tr>
<tr>
<td title='com.organization.automation.project.spice.mix.testng.extension.assertions.CustomAssertUnitTests.testBigIntegerAssert_smallNumbersFailCase()'><b>testBigIntegerAssert_smallNumbersFailCase</b><br>Test class: com.organization.automation.project.spice.mix.testng.extension.assertions.CustomAssertUnitTests</td>
<td><div><pre>org.testng.TestException: 
Expected exception java.lang.AssertionError but got java.lang.ArithmeticException: / by zero
Expected exception java.lang.AssertionError but got java.lang.ArithmeticException: / by zero
	... 16 more
Caused by: java.lang.ArithmeticException: / by zero
	at com.organization.automation.project.spice.mix.testng.extension.assertions.CustomAssertUnitTests.testBigIntegerAssert_smallNumbersFailCase(CustomAssertUnitTests.java:89)
	... 18 more
... Removed 30 stack frames</pre></div><a href='#' onClick='toggleBox("stack-trace21556533", this, "Click to show all stack frames", "Click to hide stack frames")'>Click to show all stack frames</a>
<div class='stack-trace' id='stack-trace21556533'><pre>org.testng.TestException: 
Expected exception java.lang.AssertionError but got org.testng.TestException: 
Expected exception java.lang.AssertionError but got java.lang.ArithmeticException: / by zero
	at org.testng.internal.Invoker.handleInvocationResults(Invoker.java:1497)
	at org.testng.internal.Invoker.invokeTestMethods(Invoker.java:1245)
	at org.testng.internal.TestMethodWorker.invokeTestMethods(TestMethodWorker.java:127)
	at org.testng.internal.TestMethodWorker.run(TestMethodWorker.java:111)
	at org.testng.TestRunner.privateRun(TestRunner.java:767)
	at org.testng.TestRunner.run(TestRunner.java:617)
	at org.testng.SuiteRunner.runTest(SuiteRunner.java:334)
	at org.testng.SuiteRunner.runSequentially(SuiteRunner.java:329)
	at org.testng.SuiteRunner.privateRun(SuiteRunner.java:291)
	at org.testng.SuiteRunner.run(SuiteRunner.java:240)
	at org.testng.SuiteRunnerWorker.runSuite(SuiteRunnerWorker.java:52)
	at org.testng.SuiteRunnerWorker.run(SuiteRunnerWorker.java:86)
	at org.testng.TestNG.runSuitesSequentially(TestNG.java:1224)
	at org.testng.TestNG.runSuitesLocally(TestNG.java:1149)
	at org.testng.TestNG.run(TestNG.java:1057)
	at org.testng.remote.RemoteTestNG.run(RemoteTestNG.java:111)
	at org.testng.remote.RemoteTestNG.initAndRun(RemoteTestNG.java:204)
	at org.testng.remote.RemoteTestNG.main(RemoteTestNG.java:175)
Caused by: org.testng.TestException: 
Expected exception java.lang.AssertionError but got java.lang.ArithmeticException: / by zero
	at org.testng.internal.Invoker.handleInvocationResults(Invoker.java:1497)
	at org.testng.internal.Invoker.invokeMethod(Invoker.java:754)
	at org.testng.internal.Invoker.invokeTestMethod(Invoker.java:901)
	at org.testng.internal.Invoker.invokeTestMethods(Invoker.java:1231)
	... 16 more
Caused by: java.lang.ArithmeticException: / by zero
	at com.organization.automation.project.spice.mix.testng.extension.assertions.CustomAssertUnitTests.testBigIntegerAssert_smallNumbersFailCase(CustomAssertUnitTests.java:89)
	at sun.reflect.NativeMethodAccessorImpl.invoke0(Native Method)
	at sun.reflect.NativeMethodAccessorImpl.invoke(NativeMethodAccessorImpl.java:57)
	at sun.reflect.DelegatingMethodAccessorImpl.invoke(DelegatingMethodAccessorImpl.java:43)
	at java.lang.reflect.Method.invoke(Method.java:601)
	at org.testng.internal.MethodInvocationHelper.invokeMethod(MethodInvocationHelper.java:84)
	at org.testng.internal.Invoker.invokeMethod(Invoker.java:714)
	... 18 more
</pre></div></td>
<td>0</td>
<td>com.organization.automation.project.spice.mix.testng.extension.assertions.CustomAssertUnitTests@15b0184</td></tr>
</table><p>
<table width='100%' border='1' class='invocation-passed'>
<tr><td colspan='4' align='center'><b>PASSED TESTS</b></td></tr>
<tr><td><b>Test method</b></td>
<td width="30%"><b>Exception</b></td>
<td width="10%"><b>Time (seconds)</b></td>
<td><b>Instance</b></td>
</tr>
<tr>
<td title='com.organization.automation.project.spice.mix.testng.feature.abstract_tc.tests.AcceptanceTests_Feature_AbstractTC.isAbstractTCworks()'><b>isAbstractTCworks</b><br>Test class: com.organization.automation.project.spice.mix.testng.feature.abstract_tc.tests.AcceptanceTests_Feature_AbstractTC<br>Parameters: com.organization.automation.project.spice.mix.testng.test.AbstractTestCase@b6507e</td>
<td></td>
<td>0</td>
<td>com.organization.automation.project.spice.mix.testng.feature.abstract_tc.tests.AcceptanceTests_Feature_AbstractTC@450fe6</td></tr>
<tr>
<td title='com.organization.automation.project.spice.mix.testng.feature.abstract_tc.tests.InitializationTests_TestSet.isLocalTAFEnvOK()'><b>isLocalTAFEnvOK</b><br>Test class: com.organization.automation.project.spice.mix.testng.feature.abstract_tc.tests.InitializationTests_TestSet</td>
<td></td>
<td>0</td>
<td>com.organization.automation.project.spice.mix.testng.feature.abstract_tc.tests.InitializationTests_TestSet@1108c18</td></tr>
<tr>
<td title='com.organization.automation.project.spice.mix.testng.feature.abstract_tc.tests.InitializationTests_TestSet.isQAEnvOK()'><b>isQAEnvOK</b><br>Test class: com.organization.automation.project.spice.mix.testng.feature.abstract_tc.tests.InitializationTests_TestSet</td>
<td></td>
<td>0</td>
<td>com.organization.automation.project.spice.mix.testng.feature.abstract_tc.tests.InitializationTests_TestSet@1108c18</td></tr>
<tr>
<td title='com.organization.automation.project.spice.mix.testng.extension.assertions.CustomAssertUnitTests.testBigIntegerAssert_bigNumbersCase()'><b>testBigIntegerAssert_bigNumbersCase</b><br>Test class: com.organization.automation.project.spice.mix.testng.extension.assertions.CustomAssertUnitTests</td>
<td></td>
<td>0</td>
<td>com.organization.automation.project.spice.mix.testng.extension.assertions.CustomAssertUnitTests@15b0184</td></tr>
<tr>
<td title='com.organization.automation.project.spice.mix.testng.extension.assertions.CustomAssertUnitTests.testBigIntegerAssert_bigNumbersEqualObjectCase()'><b>testBigIntegerAssert_bigNumbersEqualObjectCase</b><br>Test class: com.organization.automation.project.spice.mix.testng.extension.assertions.CustomAssertUnitTests</td>
<td></td>
<td>0</td>
<td>com.organization.automation.project.spice.mix.testng.extension.assertions.CustomAssertUnitTests@15b0184</td></tr>
<tr>
<td title='com.organization.automation.project.spice.mix.testng.extension.assertions.CustomAssertUnitTests.testBigIntegerAssert_bigNumbersLessCase()'><b>testBigIntegerAssert_bigNumbersLessCase</b><br>Test class: com.organization.automation.project.spice.mix.testng.extension.assertions.CustomAssertUnitTests</td>
<td><div><pre>java.lang.AssertionError: Actual number should be equal expected. expected [true] but found [false]
	at com.organization.automation.project.spice.mix.testng.extension.assertions.CustomAssert.assertEquals(CustomAssert.java:39)
	at com.organization.automation.project.spice.mix.testng.extension.assertions.CustomAssertUnitTests.testBigIntegerAssert_bigNumbersLessCase(CustomAssertUnitTests.java:115)
... Removed 27 stack frames</pre></div><a href='#' onClick='toggleBox("stack-trace20764085", this, "Click to show all stack frames", "Click to hide stack frames")'>Click to show all stack frames</a>
<div class='stack-trace' id='stack-trace20764085'><pre>java.lang.AssertionError: Actual number should be equal expected. expected [true] but found [false]
	at org.testng.Assert.fail(Assert.java:94)
	at org.testng.Assert.failNotEquals(Assert.java:494)
	at org.testng.Assert.assertTrue(Assert.java:42)
	at com.organization.automation.project.spice.mix.testng.extension.assertions.CustomAssert.assertEquals(CustomAssert.java:39)
	at com.organization.automation.project.spice.mix.testng.extension.assertions.CustomAssertUnitTests.testBigIntegerAssert_bigNumbersLessCase(CustomAssertUnitTests.java:115)
	at sun.reflect.NativeMethodAccessorImpl.invoke0(Native Method)
	at sun.reflect.NativeMethodAccessorImpl.invoke(NativeMethodAccessorImpl.java:57)
	at sun.reflect.DelegatingMethodAccessorImpl.invoke(DelegatingMethodAccessorImpl.java:43)
	at java.lang.reflect.Method.invoke(Method.java:601)
	at org.testng.internal.MethodInvocationHelper.invokeMethod(MethodInvocationHelper.java:84)
	at org.testng.internal.Invoker.invokeMethod(Invoker.java:714)
	at org.testng.internal.Invoker.invokeTestMethod(Invoker.java:901)
	at org.testng.internal.Invoker.invokeTestMethods(Invoker.java:1231)
	at org.testng.internal.TestMethodWorker.invokeTestMethods(TestMethodWorker.java:127)
	at org.testng.internal.TestMethodWorker.run(TestMethodWorker.java:111)
	at org.testng.TestRunner.privateRun(TestRunner.java:767)
	at org.testng.TestRunner.run(TestRunner.java:617)
	at org.testng.SuiteRunner.runTest(SuiteRunner.java:334)
	at org.testng.SuiteRunner.runSequentially(SuiteRunner.java:329)
	at org.testng.SuiteRunner.privateRun(SuiteRunner.java:291)
	at org.testng.SuiteRunner.run(SuiteRunner.java:240)
	at org.testng.SuiteRunnerWorker.runSuite(SuiteRunnerWorker.java:52)
	at org.testng.SuiteRunnerWorker.run(SuiteRunnerWorker.java:86)
	at org.testng.TestNG.runSuitesSequentially(TestNG.java:1224)
	at org.testng.TestNG.runSuitesLocally(TestNG.java:1149)
	at org.testng.TestNG.run(TestNG.java:1057)
	at org.testng.remote.RemoteTestNG.run(RemoteTestNG.java:111)
	at org.testng.remote.RemoteTestNG.initAndRun(RemoteTestNG.java:204)
	at org.testng.remote.RemoteTestNG.main(RemoteTestNG.java:175)
</pre></div></td>
<td>0</td>
<td>com.organization.automation.project.spice.mix.testng.extension.assertions.CustomAssertUnitTests@15b0184</td></tr>
<tr>
<td title='com.organization.automation.project.spice.mix.testng.extension.assertions.CustomAssertUnitTests.testBigIntegerAssert_bigNumbersMoreCase()'><b>testBigIntegerAssert_bigNumbersMoreCase</b><br>Test class: com.organization.automation.project.spice.mix.testng.extension.assertions.CustomAssertUnitTests</td>
<td><div><pre>java.lang.AssertionError: Actual number should be equal expected. expected [true] but found [false]
	at com.organization.automation.project.spice.mix.testng.extension.assertions.CustomAssert.assertEquals(CustomAssert.java:39)
	at com.organization.automation.project.spice.mix.testng.extension.assertions.CustomAssertUnitTests.testBigIntegerAssert_bigNumbersMoreCase(CustomAssertUnitTests.java:107)
... Removed 27 stack frames</pre></div><a href='#' onClick='toggleBox("stack-trace18285053", this, "Click to show all stack frames", "Click to hide stack frames")'>Click to show all stack frames</a>
<div class='stack-trace' id='stack-trace18285053'><pre>java.lang.AssertionError: Actual number should be equal expected. expected [true] but found [false]
	at org.testng.Assert.fail(Assert.java:94)
	at org.testng.Assert.failNotEquals(Assert.java:494)
	at org.testng.Assert.assertTrue(Assert.java:42)
	at com.organization.automation.project.spice.mix.testng.extension.assertions.CustomAssert.assertEquals(CustomAssert.java:39)
	at com.organization.automation.project.spice.mix.testng.extension.assertions.CustomAssertUnitTests.testBigIntegerAssert_bigNumbersMoreCase(CustomAssertUnitTests.java:107)
	at sun.reflect.NativeMethodAccessorImpl.invoke0(Native Method)
	at sun.reflect.NativeMethodAccessorImpl.invoke(NativeMethodAccessorImpl.java:57)
	at sun.reflect.DelegatingMethodAccessorImpl.invoke(DelegatingMethodAccessorImpl.java:43)
	at java.lang.reflect.Method.invoke(Method.java:601)
	at org.testng.internal.MethodInvocationHelper.invokeMethod(MethodInvocationHelper.java:84)
	at org.testng.internal.Invoker.invokeMethod(Invoker.java:714)
	at org.testng.internal.Invoker.invokeTestMethod(Invoker.java:901)
	at org.testng.internal.Invoker.invokeTestMethods(Invoker.java:1231)
	at org.testng.internal.TestMethodWorker.invokeTestMethods(TestMethodWorker.java:127)
	at org.testng.internal.TestMethodWorker.run(TestMethodWorker.java:111)
	at org.testng.TestRunner.privateRun(TestRunner.java:767)
	at org.testng.TestRunner.run(TestRunner.java:617)
	at org.testng.SuiteRunner.runTest(SuiteRunner.java:334)
	at org.testng.SuiteRunner.runSequentially(SuiteRunner.java:329)
	at org.testng.SuiteRunner.privateRun(SuiteRunner.java:291)
	at org.testng.SuiteRunner.run(SuiteRunner.java:240)
	at org.testng.SuiteRunnerWorker.runSuite(SuiteRunnerWorker.java:52)
	at org.testng.SuiteRunnerWorker.run(SuiteRunnerWorker.java:86)
	at org.testng.TestNG.runSuitesSequentially(TestNG.java:1224)
	at org.testng.TestNG.runSuitesLocally(TestNG.java:1149)
	at org.testng.TestNG.run(TestNG.java:1057)
	at org.testng.remote.RemoteTestNG.run(RemoteTestNG.java:111)
	at org.testng.remote.RemoteTestNG.initAndRun(RemoteTestNG.java:204)
	at org.testng.remote.RemoteTestNG.main(RemoteTestNG.java:175)
</pre></div></td>
<td>0</td>
<td>com.organization.automation.project.spice.mix.testng.extension.assertions.CustomAssertUnitTests@15b0184</td></tr>
<tr>
<td title='com.organization.automation.project.spice.mix.testng.extension.assertions.CustomAssertUnitTests.testBigIntegerAssert_mixNumbersLessCase()'><b>testBigIntegerAssert_mixNumbersLessCase</b><br>Test class: com.organization.automation.project.spice.mix.testng.extension.assertions.CustomAssertUnitTests</td>
<td><div><pre>java.lang.AssertionError: Actual number should be equal expected. expected [true] but found [false]
	at com.organization.automation.project.spice.mix.testng.extension.assertions.CustomAssert.assertEquals(CustomAssert.java:39)
	at com.organization.automation.project.spice.mix.testng.extension.assertions.CustomAssertUnitTests.testBigIntegerAssert_mixNumbersLessCase(CustomAssertUnitTests.java:131)
... Removed 27 stack frames</pre></div><a href='#' onClick='toggleBox("stack-trace18885126", this, "Click to show all stack frames", "Click to hide stack frames")'>Click to show all stack frames</a>
<div class='stack-trace' id='stack-trace18885126'><pre>java.lang.AssertionError: Actual number should be equal expected. expected [true] but found [false]
	at org.testng.Assert.fail(Assert.java:94)
	at org.testng.Assert.failNotEquals(Assert.java:494)
	at org.testng.Assert.assertTrue(Assert.java:42)
	at com.organization.automation.project.spice.mix.testng.extension.assertions.CustomAssert.assertEquals(CustomAssert.java:39)
	at com.organization.automation.project.spice.mix.testng.extension.assertions.CustomAssertUnitTests.testBigIntegerAssert_mixNumbersLessCase(CustomAssertUnitTests.java:131)
	at sun.reflect.NativeMethodAccessorImpl.invoke0(Native Method)
	at sun.reflect.NativeMethodAccessorImpl.invoke(NativeMethodAccessorImpl.java:57)
	at sun.reflect.DelegatingMethodAccessorImpl.invoke(DelegatingMethodAccessorImpl.java:43)
	at java.lang.reflect.Method.invoke(Method.java:601)
	at org.testng.internal.MethodInvocationHelper.invokeMethod(MethodInvocationHelper.java:84)
	at org.testng.internal.Invoker.invokeMethod(Invoker.java:714)
	at org.testng.internal.Invoker.invokeTestMethod(Invoker.java:901)
	at org.testng.internal.Invoker.invokeTestMethods(Invoker.java:1231)
	at org.testng.internal.TestMethodWorker.invokeTestMethods(TestMethodWorker.java:127)
	at org.testng.internal.TestMethodWorker.run(TestMethodWorker.java:111)
	at org.testng.TestRunner.privateRun(TestRunner.java:767)
	at org.testng.TestRunner.run(TestRunner.java:617)
	at org.testng.SuiteRunner.runTest(SuiteRunner.java:334)
	at org.testng.SuiteRunner.runSequentially(SuiteRunner.java:329)
	at org.testng.SuiteRunner.privateRun(SuiteRunner.java:291)
	at org.testng.SuiteRunner.run(SuiteRunner.java:240)
	at org.testng.SuiteRunnerWorker.runSuite(SuiteRunnerWorker.java:52)
	at org.testng.SuiteRunnerWorker.run(SuiteRunnerWorker.java:86)
	at org.testng.TestNG.runSuitesSequentially(TestNG.java:1224)
	at org.testng.TestNG.runSuitesLocally(TestNG.java:1149)
	at org.testng.TestNG.run(TestNG.java:1057)
	at org.testng.remote.RemoteTestNG.run(RemoteTestNG.java:111)
	at org.testng.remote.RemoteTestNG.initAndRun(RemoteTestNG.java:204)
	at org.testng.remote.RemoteTestNG.main(RemoteTestNG.java:175)
</pre></div></td>
<td>0</td>
<td>com.organization.automation.project.spice.mix.testng.extension.assertions.CustomAssertUnitTests@15b0184</td></tr>
<tr>
<td title='com.organization.automation.project.spice.mix.testng.extension.assertions.CustomAssertUnitTests.testBigIntegerAssert_mixNumbersMoreCase()'><b>testBigIntegerAssert_mixNumbersMoreCase</b><br>Test class: com.organization.automation.project.spice.mix.testng.extension.assertions.CustomAssertUnitTests</td>
<td><div><pre>java.lang.AssertionError: Actual number should be equal expected. expected [true] but found [false]
	at com.organization.automation.project.spice.mix.testng.extension.assertions.CustomAssert.assertEquals(CustomAssert.java:39)
	at com.organization.automation.project.spice.mix.testng.extension.assertions.CustomAssertUnitTests.testBigIntegerAssert_mixNumbersMoreCase(CustomAssertUnitTests.java:123)
... Removed 27 stack frames</pre></div><a href='#' onClick='toggleBox("stack-trace10241795", this, "Click to show all stack frames", "Click to hide stack frames")'>Click to show all stack frames</a>
<div class='stack-trace' id='stack-trace10241795'><pre>java.lang.AssertionError: Actual number should be equal expected. expected [true] but found [false]
	at org.testng.Assert.fail(Assert.java:94)
	at org.testng.Assert.failNotEquals(Assert.java:494)
	at org.testng.Assert.assertTrue(Assert.java:42)
	at com.organization.automation.project.spice.mix.testng.extension.assertions.CustomAssert.assertEquals(CustomAssert.java:39)
	at com.organization.automation.project.spice.mix.testng.extension.assertions.CustomAssertUnitTests.testBigIntegerAssert_mixNumbersMoreCase(CustomAssertUnitTests.java:123)
	at sun.reflect.NativeMethodAccessorImpl.invoke0(Native Method)
	at sun.reflect.NativeMethodAccessorImpl.invoke(NativeMethodAccessorImpl.java:57)
	at sun.reflect.DelegatingMethodAccessorImpl.invoke(DelegatingMethodAccessorImpl.java:43)
	at java.lang.reflect.Method.invoke(Method.java:601)
	at org.testng.internal.MethodInvocationHelper.invokeMethod(MethodInvocationHelper.java:84)
	at org.testng.internal.Invoker.invokeMethod(Invoker.java:714)
	at org.testng.internal.Invoker.invokeTestMethod(Invoker.java:901)
	at org.testng.internal.Invoker.invokeTestMethods(Invoker.java:1231)
	at org.testng.internal.TestMethodWorker.invokeTestMethods(TestMethodWorker.java:127)
	at org.testng.internal.TestMethodWorker.run(TestMethodWorker.java:111)
	at org.testng.TestRunner.privateRun(TestRunner.java:767)
	at org.testng.TestRunner.run(TestRunner.java:617)
	at org.testng.SuiteRunner.runTest(SuiteRunner.java:334)
	at org.testng.SuiteRunner.runSequentially(SuiteRunner.java:329)
	at org.testng.SuiteRunner.privateRun(SuiteRunner.java:291)
	at org.testng.SuiteRunner.run(SuiteRunner.java:240)
	at org.testng.SuiteRunnerWorker.runSuite(SuiteRunnerWorker.java:52)
	at org.testng.SuiteRunnerWorker.run(SuiteRunnerWorker.java:86)
	at org.testng.TestNG.runSuitesSequentially(TestNG.java:1224)
	at org.testng.TestNG.runSuitesLocally(TestNG.java:1149)
	at org.testng.TestNG.run(TestNG.java:1057)
	at org.testng.remote.RemoteTestNG.run(RemoteTestNG.java:111)
	at org.testng.remote.RemoteTestNG.initAndRun(RemoteTestNG.java:204)
	at org.testng.remote.RemoteTestNG.main(RemoteTestNG.java:175)
</pre></div></td>
<td>0</td>
<td>com.organization.automation.project.spice.mix.testng.extension.assertions.CustomAssertUnitTests@15b0184</td></tr>
<tr>
<td title='com.organization.automation.project.spice.mix.testng.extension.assertions.CustomAssertUnitTests.testBigIntegerAssert_smallNumbersCase()'><b>testBigIntegerAssert_smallNumbersCase</b><br>Test class: com.organization.automation.project.spice.mix.testng.extension.assertions.CustomAssertUnitTests</td>
<td></td>
<td>0</td>
<td>com.organization.automation.project.spice.mix.testng.extension.assertions.CustomAssertUnitTests@15b0184</td></tr>
<tr>
<td title='com.organization.automation.project.spice.mix.testng.extension.assertions.CustomAssertUnitTests.testBigIntegerAssert_smallNumbersLessCase()'><b>testBigIntegerAssert_smallNumbersLessCase</b><br>Test class: com.organization.automation.project.spice.mix.testng.extension.assertions.CustomAssertUnitTests</td>
<td><div><pre>java.lang.AssertionError: Actual number should be equal expected. expected [true] but found [false]
	at com.organization.automation.project.spice.mix.testng.extension.assertions.CustomAssert.assertEquals(CustomAssert.java:39)
	at com.organization.automation.project.spice.mix.testng.extension.assertions.CustomAssertUnitTests.testBigIntegerAssert_smallNumbersLessCase(CustomAssertUnitTests.java:99)
... Removed 27 stack frames</pre></div><a href='#' onClick='toggleBox("stack-trace28545426", this, "Click to show all stack frames", "Click to hide stack frames")'>Click to show all stack frames</a>
<div class='stack-trace' id='stack-trace28545426'><pre>java.lang.AssertionError: Actual number should be equal expected. expected [true] but found [false]
	at org.testng.Assert.fail(Assert.java:94)
	at org.testng.Assert.failNotEquals(Assert.java:494)
	at org.testng.Assert.assertTrue(Assert.java:42)
	at com.organization.automation.project.spice.mix.testng.extension.assertions.CustomAssert.assertEquals(CustomAssert.java:39)
	at com.organization.automation.project.spice.mix.testng.extension.assertions.CustomAssertUnitTests.testBigIntegerAssert_smallNumbersLessCase(CustomAssertUnitTests.java:99)
	at sun.reflect.NativeMethodAccessorImpl.invoke0(Native Method)
	at sun.reflect.NativeMethodAccessorImpl.invoke(NativeMethodAccessorImpl.java:57)
	at sun.reflect.DelegatingMethodAccessorImpl.invoke(DelegatingMethodAccessorImpl.java:43)
	at java.lang.reflect.Method.invoke(Method.java:601)
	at org.testng.internal.MethodInvocationHelper.invokeMethod(MethodInvocationHelper.java:84)
	at org.testng.internal.Invoker.invokeMethod(Invoker.java:714)
	at org.testng.internal.Invoker.invokeTestMethod(Invoker.java:901)
	at org.testng.internal.Invoker.invokeTestMethods(Invoker.java:1231)
	at org.testng.internal.TestMethodWorker.invokeTestMethods(TestMethodWorker.java:127)
	at org.testng.internal.TestMethodWorker.run(TestMethodWorker.java:111)
	at org.testng.TestRunner.privateRun(TestRunner.java:767)
	at org.testng.TestRunner.run(TestRunner.java:617)
	at org.testng.SuiteRunner.runTest(SuiteRunner.java:334)
	at org.testng.SuiteRunner.runSequentially(SuiteRunner.java:329)
	at org.testng.SuiteRunner.privateRun(SuiteRunner.java:291)
	at org.testng.SuiteRunner.run(SuiteRunner.java:240)
	at org.testng.SuiteRunnerWorker.runSuite(SuiteRunnerWorker.java:52)
	at org.testng.SuiteRunnerWorker.run(SuiteRunnerWorker.java:86)
	at org.testng.TestNG.runSuitesSequentially(TestNG.java:1224)
	at org.testng.TestNG.runSuitesLocally(TestNG.java:1149)
	at org.testng.TestNG.run(TestNG.java:1057)
	at org.testng.remote.RemoteTestNG.run(RemoteTestNG.java:111)
	at org.testng.remote.RemoteTestNG.initAndRun(RemoteTestNG.java:204)
	at org.testng.remote.RemoteTestNG.main(RemoteTestNG.java:175)
</pre></div></td>
<td>0</td>
<td>com.organization.automation.project.spice.mix.testng.extension.assertions.CustomAssertUnitTests@15b0184</td></tr>
<tr>
<td title='com.organization.automation.project.spice.mix.testng.extension.assertions.CustomAssertUnitTests.testBigIntegerAssert_smallNumbersMoreCase()'><b>testBigIntegerAssert_smallNumbersMoreCase</b><br>Test class: com.organization.automation.project.spice.mix.testng.extension.assertions.CustomAssertUnitTests</td>
<td><div><pre>java.lang.AssertionError: Actual number should be equal expected. expected [true] but found [false]
	at com.organization.automation.project.spice.mix.testng.extension.assertions.CustomAssert.assertEquals(CustomAssert.java:39)
	at com.organization.automation.project.spice.mix.testng.extension.assertions.CustomAssertUnitTests.testBigIntegerAssert_smallNumbersMoreCase(CustomAssertUnitTests.java:81)
... Removed 27 stack frames</pre></div><a href='#' onClick='toggleBox("stack-trace4498314", this, "Click to show all stack frames", "Click to hide stack frames")'>Click to show all stack frames</a>
<div class='stack-trace' id='stack-trace4498314'><pre>java.lang.AssertionError: Actual number should be equal expected. expected [true] but found [false]
	at org.testng.Assert.fail(Assert.java:94)
	at org.testng.Assert.failNotEquals(Assert.java:494)
	at org.testng.Assert.assertTrue(Assert.java:42)
	at com.organization.automation.project.spice.mix.testng.extension.assertions.CustomAssert.assertEquals(CustomAssert.java:39)
	at com.organization.automation.project.spice.mix.testng.extension.assertions.CustomAssertUnitTests.testBigIntegerAssert_smallNumbersMoreCase(CustomAssertUnitTests.java:81)
	at sun.reflect.NativeMethodAccessorImpl.invoke0(Native Method)
	at sun.reflect.NativeMethodAccessorImpl.invoke(NativeMethodAccessorImpl.java:57)
	at sun.reflect.DelegatingMethodAccessorImpl.invoke(DelegatingMethodAccessorImpl.java:43)
	at java.lang.reflect.Method.invoke(Method.java:601)
	at org.testng.internal.MethodInvocationHelper.invokeMethod(MethodInvocationHelper.java:84)
	at org.testng.internal.Invoker.invokeMethod(Invoker.java:714)
	at org.testng.internal.Invoker.invokeTestMethod(Invoker.java:901)
	at org.testng.internal.Invoker.invokeTestMethods(Invoker.java:1231)
	at org.testng.internal.TestMethodWorker.invokeTestMethods(TestMethodWorker.java:127)
	at org.testng.internal.TestMethodWorker.run(TestMethodWorker.java:111)
	at org.testng.TestRunner.privateRun(TestRunner.java:767)
	at org.testng.TestRunner.run(TestRunner.java:617)
	at org.testng.SuiteRunner.runTest(SuiteRunner.java:334)
	at org.testng.SuiteRunner.runSequentially(SuiteRunner.java:329)
	at org.testng.SuiteRunner.privateRun(SuiteRunner.java:291)
	at org.testng.SuiteRunner.run(SuiteRunner.java:240)
	at org.testng.SuiteRunnerWorker.runSuite(SuiteRunnerWorker.java:52)
	at org.testng.SuiteRunnerWorker.run(SuiteRunnerWorker.java:86)
	at org.testng.TestNG.runSuitesSequentially(TestNG.java:1224)
	at org.testng.TestNG.runSuitesLocally(TestNG.java:1149)
	at org.testng.TestNG.run(TestNG.java:1057)
	at org.testng.remote.RemoteTestNG.run(RemoteTestNG.java:111)
	at org.testng.remote.RemoteTestNG.initAndRun(RemoteTestNG.java:204)
	at org.testng.remote.RemoteTestNG.main(RemoteTestNG.java:175)
</pre></div></td>
<td>0</td>
<td>com.organization.automation.project.spice.mix.testng.extension.assertions.CustomAssertUnitTests@15b0184</td></tr>
<tr>
<td title='com.organization.automation.project.spice.mix.testng.extension.assertions.CustomAssertUnitTests.testBigIntegerAssert_smallNumbersNegativeCase()'><b>testBigIntegerAssert_smallNumbersNegativeCase</b><br>Test class: com.organization.automation.project.spice.mix.testng.extension.assertions.CustomAssertUnitTests</td>
<td><div><pre>java.lang.AssertionError: Actual number should be equal expected. expected [true] but found [false]
	at com.organization.automation.project.spice.mix.testng.extension.assertions.CustomAssert.assertEquals(CustomAssert.java:39)
	at com.organization.automation.project.spice.mix.testng.extension.assertions.CustomAssertUnitTests.testBigIntegerAssert_smallNumbersNegativeCase(CustomAssertUnitTests.java:139)
... Removed 27 stack frames</pre></div><a href='#' onClick='toggleBox("stack-trace13631753", this, "Click to show all stack frames", "Click to hide stack frames")'>Click to show all stack frames</a>
<div class='stack-trace' id='stack-trace13631753'><pre>java.lang.AssertionError: Actual number should be equal expected. expected [true] but found [false]
	at org.testng.Assert.fail(Assert.java:94)
	at org.testng.Assert.failNotEquals(Assert.java:494)
	at org.testng.Assert.assertTrue(Assert.java:42)
	at com.organization.automation.project.spice.mix.testng.extension.assertions.CustomAssert.assertEquals(CustomAssert.java:39)
	at com.organization.automation.project.spice.mix.testng.extension.assertions.CustomAssertUnitTests.testBigIntegerAssert_smallNumbersNegativeCase(CustomAssertUnitTests.java:139)
	at sun.reflect.NativeMethodAccessorImpl.invoke0(Native Method)
	at sun.reflect.NativeMethodAccessorImpl.invoke(NativeMethodAccessorImpl.java:57)
	at sun.reflect.DelegatingMethodAccessorImpl.invoke(DelegatingMethodAccessorImpl.java:43)
	at java.lang.reflect.Method.invoke(Method.java:601)
	at org.testng.internal.MethodInvocationHelper.invokeMethod(MethodInvocationHelper.java:84)
	at org.testng.internal.Invoker.invokeMethod(Invoker.java:714)
	at org.testng.internal.Invoker.invokeTestMethod(Invoker.java:901)
	at org.testng.internal.Invoker.invokeTestMethods(Invoker.java:1231)
	at org.testng.internal.TestMethodWorker.invokeTestMethods(TestMethodWorker.java:127)
	at org.testng.internal.TestMethodWorker.run(TestMethodWorker.java:111)
	at org.testng.TestRunner.privateRun(TestRunner.java:767)
	at org.testng.TestRunner.run(TestRunner.java:617)
	at org.testng.SuiteRunner.runTest(SuiteRunner.java:334)
	at org.testng.SuiteRunner.runSequentially(SuiteRunner.java:329)
	at org.testng.SuiteRunner.privateRun(SuiteRunner.java:291)
	at org.testng.SuiteRunner.run(SuiteRunner.java:240)
	at org.testng.SuiteRunnerWorker.runSuite(SuiteRunnerWorker.java:52)
	at org.testng.SuiteRunnerWorker.run(SuiteRunnerWorker.java:86)
	at org.testng.TestNG.runSuitesSequentially(TestNG.java:1224)
	at org.testng.TestNG.runSuitesLocally(TestNG.java:1149)
	at org.testng.TestNG.run(TestNG.java:1057)
	at org.testng.remote.RemoteTestNG.run(RemoteTestNG.java:111)
	at org.testng.remote.RemoteTestNG.initAndRun(RemoteTestNG.java:204)
	at org.testng.remote.RemoteTestNG.main(RemoteTestNG.java:175)
</pre></div></td>
<td>0</td>
<td>com.organization.automation.project.spice.mix.testng.extension.assertions.CustomAssertUnitTests@15b0184</td></tr>
</table><p>
</body>
</html>